<?xml version="1.0" encoding="utf-8"?><testsuite errors="0" failures="0" name="pytest" skips="0" tests="1" time="793.943"><testcase classname="automation.Advanced_Piping.test_advPiping_singleTextboxes" file="automation/Advanced_Piping/test_advPiping_singleTextboxes.py" line="31" name="test_advPiping_singleTextbox_multiChoice" time="134.41283679"></testcase></testsuite>